<?xml version="1.0" encoding="UTF-8"?>
<testng-results skipped="0" failed="0" ignored="0" total="0" passed="0">
  <reporter-output>
  </reporter-output>
  <suite name="Zero Bank Smoke Test" duration-ms="3" started-at="2018-07-14T17:13:54Z" finished-at="2018-07-14T17:13:54Z">
    <groups>
    </groups>
    <test name="Smoke test" duration-ms="3" started-at="2018-07-14T17:13:54Z" finished-at="2018-07-14T17:13:54Z">
    </test> <!-- Smoke test -->
  </suite> <!-- Zero Bank Smoke Test -->
</testng-results>
