<?xml version="1.0" encoding="UTF-8"?>
<!-- Generated by org.testng.reporters.JUnitXMLReporter -->
<testsuite hostname="DESKTOP-N7F78N2" ignored="0" name="Automated tests" tests="5" failures="0" timestamp="13 Jul 2018 21:31:31 GMT" time="9.866" errors="0">
  <testcase name="blankUserID" time="0.344" classname="pomDesign.LogInNegativeScenarios"/>
  <testcase name="blankPasswordTest" time="0.569" classname="pomDesign.LogInNegativeScenarios"/>
  <testcase name="invalidUserID" time="0.353" classname="pomDesign.LogInNegativeScenarios"/>
  <testcase name="invalidPassword" time="0.353" classname="pomDesign.LogInNegativeScenarios"/>
  <testcase name="wrongCredentialsTest" time="0.558" classname="pomDesign.LogInNegativeScenarios"/>
</testsuite> <!-- Automated tests -->
