<?xml version="1.0" encoding="UTF-8"?>
<testng-results skipped="0" failed="0" ignored="0" total="0" passed="0">
  <reporter-output>
  </reporter-output>
  <suite name="Zero Bank Smoke Test" duration-ms="0" started-at="2018-07-21T23:30:05Z" finished-at="2018-07-21T23:30:05Z">
    <groups>
    </groups>
    <test name="Smoke test1" duration-ms="0" started-at="2018-07-21T23:30:05Z" finished-at="2018-07-21T23:30:05Z">
    </test> <!-- Smoke test1 -->
  </suite> <!-- Zero Bank Smoke Test -->
</testng-results>
