<?xml version="1.0" encoding="UTF-8"?>
<!-- Generated by org.testng.reporters.JUnitXMLReporter -->
<testsuite hostname="DESKTOP-N7F78N2" ignored="0" name="Automated tests" tests="5" failures="0" timestamp="13 Jul 2018 20:26:05 GMT" time="9.311" errors="0">
  <testcase name="blankUserID" time="0.352" classname="pomDesign.LogInNegativeScenarios"/>
  <testcase name="blankPasswordTest" time="0.447" classname="pomDesign.LogInNegativeScenarios"/>
  <testcase name="invalidUserID" time="0.365" classname="pomDesign.LogInNegativeScenarios"/>
  <testcase name="invalidPassword" time="0.334" classname="pomDesign.LogInNegativeScenarios"/>
  <testcase name="wrongCredentialsTest" time="0.577" classname="pomDesign.LogInNegativeScenarios"/>
</testsuite> <!-- Automated tests -->
